<?xml version="1.0" encoding="UTF-8"?>
<testng-results skipped="0" failed="0" ignored="0" total="1" passed="1">
  <reporter-output>
  </reporter-output>
  <suite name="Default suite" duration-ms="11705" started-at="2022-10-03T11:30:55 IST" finished-at="2022-10-03T11:31:06 IST">
    <groups>
    </groups>
    <test name="Default test" duration-ms="11705" started-at="2022-10-03T11:30:55 IST" finished-at="2022-10-03T11:31:06 IST">
      <class name="practise.T5">
        <test-method status="PASS" signature="m1()[pri:0, instance:practise.T5@1a3869f4]" name="m1" duration-ms="11618" started-at="2022-10-03T11:30:55 IST" finished-at="2022-10-03T11:31:06 IST">
          <reporter-output>
          </reporter-output>
        </test-method> <!-- m1 -->
      </class> <!-- practise.T5 -->
    </test> <!-- Default test -->
  </suite> <!-- Default suite -->
</testng-results>
